DEBUG:root:Where are the bugs?
INFO:root:Things are working fine
WARNING:root:Disk space is running low
ERROR:root:something serious has happened
CRITICAL:root:CRITICAL!
INFO:root:Running "add with arguments (2, 1)
INFO:root:Running "sub with arguments (2, 1)
INFO:root:Running "sub with arguments (8, 16)
INFO:root:Running "sub with arguments (8, 16)
INFO:root:Running "add with arguments (8, 10)
INFO:root:Running "add" with arguments (8, 10) with result 18
INFO:root:Running "add" with arguments (4, 5) with result 9
INFO:root:Running "add" with arguments (60, 9) with result 69
INFO:root:Running "add" with arguments ('orange', 'juice') with result orangejuice
ERROR:ipykernel.comm:No such comm target registered: jupyter.widget.control
WARNING:Comm:No such comm: 97950d81-f90c-4f0a-a437-137e2406e372
DEBUG:Comm:Current comms: []
ERROR:ipykernel.comm:No such comm target registered: jupyter.widget.control
WARNING:Comm:No such comm: f1c66e8b-6c01-469e-99ba-7b6be738a8f3
DEBUG:Comm:Current comms: []
ERROR:ipykernel.comm:No such comm target registered: jupyter.widget.control
WARNING:Comm:No such comm: dde12730-ea8f-4c93-be34-deb30d015604
DEBUG:Comm:Current comms: []
ERROR:ipykernel.comm:No such comm target registered: jupyter.widget.control
WARNING:Comm:No such comm: 66c27149-b3b5-47e8-b3ba-5e12a820535d
DEBUG:Comm:Current comms: []
